<?xml version="1.0" encoding="UTF-8"?>
<!-- Generated by org.testng.reporters.JUnitReportReporter -->
<testsuite skipped="1" hostname="DESKTOP-3OT0JK6" name="testNGListner.TestNGListnersDemo3" tests="5" failures="0" timestamp="29 Sep 2020 08:25:21 GMT" time="0.029" errors="0">
  <testcase name="test8" time="0.005" classname="testNGListner.TestNGListnersDemo3"/>
  <testcase name="test10" time="0.014" classname="testNGListner.TestNGListnersDemo3"/>
  <testcase name="test7" time="0.005" classname="testNGListner.TestNGListnersDemo3"/>
  <testcase name="test11" time="0.003" classname="testNGListner.TestNGListnersDemo3">
    <skipped/>
  </testcase> <!-- test11 -->
  <testcase name="test9" time="0.002" classname="testNGListner.TestNGListnersDemo3"/>
</testsuite> <!-- testNGListner.TestNGListnersDemo3 -->
