<?xml version="1.0" encoding="UTF-8"?>
<!-- Generated by org.testng.reporters.JUnitReportReporter -->
<testsuite skipped="0" hostname="DESKTOP-3OT0JK6" name="utilitys.Exceldataprovider" tests="19" failures="0" timestamp="28 Sep 2020 16:52:36 GMT" time="146.699" errors="0">
  <testcase name="test1" time="8.049" classname="utilitys.Exceldataprovider"/>
  <testcase name="test1" time="7.655" classname="utilitys.Exceldataprovider"/>
  <testcase name="test1" time="8.069" classname="utilitys.Exceldataprovider"/>
  <testcase name="test1" time="8.289" classname="utilitys.Exceldataprovider"/>
  <testcase name="test1" time="7.987" classname="utilitys.Exceldataprovider"/>
  <testcase name="test1" time="7.791" classname="utilitys.Exceldataprovider"/>
  <testcase name="test1" time="7.447" classname="utilitys.Exceldataprovider"/>
  <testcase name="test1" time="7.365" classname="utilitys.Exceldataprovider"/>
  <testcase name="test1" time="7.376" classname="utilitys.Exceldataprovider"/>
  <testcase name="test1" time="7.374" classname="utilitys.Exceldataprovider"/>
  <testcase name="test1" time="9.863" classname="utilitys.Exceldataprovider"/>
  <testcase name="test1" time="7.367" classname="utilitys.Exceldataprovider"/>
  <testcase name="test1" time="7.255" classname="utilitys.Exceldataprovider"/>
  <testcase name="test1" time="7.337" classname="utilitys.Exceldataprovider"/>
  <testcase name="test1" time="7.281" classname="utilitys.Exceldataprovider"/>
  <testcase name="test1" time="7.353" classname="utilitys.Exceldataprovider"/>
  <testcase name="test1" time="7.376" classname="utilitys.Exceldataprovider"/>
  <testcase name="test1" time="7.303" classname="utilitys.Exceldataprovider"/>
  <testcase name="test1" time="8.162" classname="utilitys.Exceldataprovider"/>
</testsuite> <!-- utilitys.Exceldataprovider -->
