<?xml version="1.0" encoding="UTF-8"?>
<!-- Generated by org.testng.reporters.JUnitReportReporter -->
<testsuite skipped="1" hostname="DESKTOP-3OT0JK6" name="testNGListner.TestNGListnersDemo2" tests="5" failures="0" timestamp="29 Sep 2020 08:25:21 GMT" time="0.034" errors="0">
  <testcase name="test5" time="0.005" classname="testNGListner.TestNGListnersDemo2">
    <skipped/>
  </testcase> <!-- test5 -->
  <testcase name="test1" time="0.015" classname="testNGListner.TestNGListnersDemo2"/>
  <testcase name="test2" time="0.002" classname="testNGListner.TestNGListnersDemo2"/>
  <testcase name="test4" time="0.004" classname="testNGListner.TestNGListnersDemo2"/>
  <testcase name="test3" time="0.008" classname="testNGListner.TestNGListnersDemo2"/>
</testsuite> <!-- testNGListner.TestNGListnersDemo2 -->
